0001   0000             control 	.equ 	$f1
0002   0000             timer0		.equ	$fa
0003   0000             counter0	.equ	$fd
0004   0000             kon			.equ	$4c
0005   0000             dspaddr		.equ	$f2
0006   0000             dspval		.equ	$f3
0007   0000             
0008   0000             v0pl		.equ	$02
0009   0000             v0ph		.equ	$03
0010   0000             
0011   0000             v1pl		.equ	$12
0012   0000             v1ph		.equ	$13
0013   0000             
0014   0000             pattern_toggle .equ	$04
0015   0000             numticks	.equ	$05
0016   0000             pattern_count	.equ	$02
0017   0000             
0018   0200             .org $200
0019   0200             
0020   0200             
0021   0200             	
0022   0200             	
0023   0200             Main:
0024   0200 20          	clrp
0025   0201 3F 31 02        call Init
0026   0204             	
0027   0204 8F 05 05    	mov $5,#5
0028   0207 8F 00 02    	mov pattern_count, #0
0029   020A             	
0030   020A             	; Setup Timer
0031   020A 8F 00 FA    	mov timer0,  #$00	; 32ms timing value, 00 for 256 iterations of 125 microseconds
0032   020D 8F 01 F1    	mov control, #$01	; this will destroy all other timers
0033   0210             infin:
0034   0210             	; timer is started
0035   0210             	
0036   0210 60          	clrc
0037   0211 E8 00       	mov a, #0
0038   0213             
0039   0213             wait_for_tick:
0040   0213 84 FD       	adc a,counter0	; read counter
0041   0215 64 05       	cmp a,$5
0042   0217             						; 1 Second = 32Ms MAX timer value * 32 = 1024 ms = 1.024 s
0043   0217 90 FA       	bcc wait_for_tick
0044   0219             	
0045   0219             	; play C-4 Piano (sampled at C-4)
0046   0219 8D 02       	mov y,#v0pl
0047   021B E8 6B       	mov a,#$6b
0048   021D 3F B4 02    	call wdsp
0049   0220 FC          	inc y
0050   0221 E8 1A       	mov a,#$1a
0051   0223 3F B4 02    	call wdsp
0052   0226 E8 01       	mov a, #1b	; play both
0053   0228 3F BB 02    	call keyon
0054   022B             	
0055   022B 60          	clrc
0056   022C E8 00       	mov a,#0
0057   022E             		
0058   022E             thatsallfolks:
0059   022E 5F C0 FF    	jmp $ffc0
0060   0231             	;jmp thatsallfolks
0061   0231             	
0062   0231                 
0063   0231             Init:
0064   0231 8F 7D F2    	mov $f2, #$7D
0065   0234 8F 00 F3    	mov $f3, #0
0066   0237             
0067   0237 8F 00 F2        mov $F2, #$00       ; left volume = 127
0068   023A 8F 7F F3        mov $F3, #127
0069   023D 8F 01 F2        mov $F2, #$01       ; right volume = 127 
0070   0240 8F 7F F3        mov $F3, #127
0071   0243             	
0072   0243 8F 10 F2        mov $F2, #$10       ; left volume = 127
0073   0246 8F 7F F3        mov $F3, #127
0074   0249 8F 11 F2        mov $F2, #$11       ; right volume = 127 
0075   024C 8F 7F F3        mov $F3, #127
0076   024F                 
0077   024F                 
0078   024F                 ; DIR
0079   024F 8F 5D F2        mov $F2, #$5D   ; starting address = $9000
0080   0252 8F 90 F3        mov $F3, #$90
0081   0255                 
0082   0255             	; DIR
0083   0255             	; for piano
0084   0255 8F 04 F2        mov $F2, #$04       ; source number = 0 
0085   0258 8F 00 F3        mov $F3, #$00
0086   025B E8 00           mov a, #$00
0087   025D C5 00 90        mov !$9000, a
0088   0260 E8 10           mov a, #$10
0089   0262 C5 01 90        mov !$9001, a
0090   0265 E8 00           mov a, #$00 ;#$91
0091   0267 C5 02 90        mov !$9002, a
0092   026A E8 10           mov a, #$10    ; #$16
0093   026C C5 03 90        mov !$9003, a
0094   026F             	
0095   026F             	; for bass
0096   026F 8F 14 F2        mov $F2, #$14       ; source number = 1
0097   0272 8F 01 F3        mov $F3, #$01
0098   0275 E8 00           mov a, #$00
0099   0277 C5 04 90        mov !$9004, a
0100   027A E8 40           mov a, #$40
0101   027C C5 05 90        mov !$9005, a
0102   027F E8 00           mov a, #$00 ;#$91
0103   0281 C5 06 90        mov !$9006, a
0104   0284 E8 40           mov a, #$40    ; #$16
0105   0286 C5 07 90        mov !$9007, a
0106   0289                 
0107   0289                 ; Voice 0 Piano
0108   0289 8F 05 F2        mov $F2, #$05 
0109   028C 8F 00 F3        mov $F3, #$00 
0110   028F 8F 07 F2        mov $F2, #$07 
0111   0292 8F 1F F3        mov $F3, #$1F ;#127   ; set GAIN, direct mode (bit7=0), full volume
0112   0295                 ; Voice 1 Bass
0113   0295 8F 15 F2        mov $F2, #$15 
0114   0298 8F 00 F3        mov $F3, #$00
0115   029B 8F 17 F2        mov $F2, #$17 
0116   029E 8F 1F F3        mov $F3, #$1F ;#127   ; set GAIN, direct mode (bit7=0), full volume
0117   02A1             	
0118   02A1 8F 0C F2        mov $F2, #$0C 
0119   02A4 8F 7F F3        mov $F3, #127   ; L/R vol 100% both voices 
0120   02A7 8F 1C F2        mov $F2, #$1C
0121   02AA 8F 7F F3        mov $F3, #127
0122   02AD                 
0123   02AD 8F 6C F2        mov $F2, #$6C   ; turn off mute
0124   02B0 8F 20 F3        mov $F3, #00100000b
0125   02B3             	
0126   02B3 6F          	ret 
0127   02B4                 
0128   02B4                 
0129   02B4             ; ====== Write a byte to the S-SDSP =========
0130   02B4             wdsp:
0131   02B4 CC F2 00        mov !$00F2,y
0132   02B7 C5 F3 00        mov !$00F3,a
0133   02BA 6F              ret
0134   02BB             	
0135   02BB             keyon:
0136   02BB             	; Key ON
0137   02BB 8F 4C F2    	mov $F2, #$4C
0138   02BE C4 F3       	mov $F3, a
0139   02C0 6F          	ret
0140   02C1                 
0141   02C1             
0142   02C1             .END
0143   02C1             EOFtasm: Number of errors = 0
