0001   0000             control 	.equ 	$f1
0002   0000             timer0		.equ	$fa
0003   0000             counter0	.equ	$fd
0004   0000             kon			.equ	$4c
0005   0000             dspaddr		.equ	$f2
0006   0000             dspval		.equ	$f3
0007   0000             
0008   0000             
0009   0200             .org $200
0010   0200             
0011   0200             
0012   0200             	
0013   0200             	
0014   0200             Main:
0015   0200 20          	clrp
0016   0201             	;mov x, #$fF
0017   0201             	;mov sp, x
0018   0201             	; RAM location for swapping intervals
0019   0201             	
0020   0201             	;mov !$0001, #0
0021   0201 8F 00 00    	mov !$4010,#$00
0022   0204 8F 10 00    	mov !$4011,#$10
0023   0207 8F 00 00    	mov !$4012,#$00
0024   020A 8F 18 00    	mov !$4013,#$18
0025   020D 8F 00 00    	mov !$4014,#$00
0026   0210             	
0027   0210 3F 4E 02        call Init
0028   0213             	
0029   0213             	
0030   0213             	
0031   0213             	; Setup Timer
0032   0213             	; An example to wait 15ms.
0033   0213             
0034   0213 8F 00 FA    	mov timer0,  #$00	; 32ms timing value, 00 for 256 iterations of 125 microseconds
0035   0216 8F 01 F1    	mov control, #$01	; this will destroy all other timers
0036   0219             infin:
0037   0219             	; timer is started
0038   0219 60          	clrc
0039   021A E8 00       	mov a, #0
0040   021C             
0041   021C             wait_for_tick:
0042   021C 84 FD       	adc a,counter0	; read counter
0043   021E 68 20       	cmp a,#32
0044   0220             	; 1 Second = 32Ms MAX timer value * 32 = 1024 ms = 1.024 s
0045   0220 90 FA       	bcc wait_for_tick
0046   0222             	
0047   0222             	; SWAP pitches
0048   0222 E4 04       	mov a,$04
0049   0224 F0 11       	beq playb
0050   0226             playc:
0051   0226 8B 04       	dec $4
0052   0228             	
0053   0228 E8 00       	mov a,#$00
0054   022A 8D 02           mov y,#$02       ; pitch (low byte) 
0055   022C 3F A5 02    	call wdsp
0056   022F             	
0057   022F             
0058   022F             	
0059   022F E8 10       	mov a,#$10
0060   0231 FC              inc y       ; pitch (high byte) 
0061   0232 3F A5 02    	call wdsp
0062   0235             	
0063   0235 2F 0F       	bra keyon
0064   0237             playb:
0065   0237 AB 04       	inc $4
0066   0239             
0067   0239 E8 00           mov a,#$00
0068   023B 8D 02       	mov y,#$02
0069   023D 3F A5 02    	call wdsp;
0070   0240             	
0071   0240 E8 18       	mov a,#$18
0072   0242 FC          	inc y
0073   0243 3F A5 02    	call wdsp;
0074   0246             	
0075   0246             	
0076   0246             keyon:
0077   0246             	; Key ON
0078   0246 8F 4C F2    	mov $F2, #$4C
0079   0249 8F 01 F3    	mov $F3, #$01
0080   024C 2F CB           bra infin
0081   024E                 
0082   024E             Init:
0083   024E 8F 00 F2        mov $F2, #$00       ; left volume = 127
0084   0251 8F 7F F3        mov $F3, #127
0085   0254 8F 01 F2        mov $F2, #$01       ; right volume = 127 
0086   0257 8F 7F F3        mov $F3, #127
0087   025A             
0088   025A 8F 02 F2        mov $F2, #$02       ; pitch (low byte) 
0089   025D 8F 00 F3        mov $F3, #$00
0090   0260 8F 03 F2        mov $F2, #$03       ; pitch (high byte) 
0091   0263 8F 10 F3        mov $F3, #$10
0092   0266                 
0093   0266 8F 04 F2        mov $F2, #$04       ; source number = 0 
0094   0269 8F 00 F3        mov $F3, #$00
0095   026C                 
0096   026C 8F 5D F2        mov $F2, #$5D   ; starting address = $3000
0097   026F 8F 90 F3        mov $F3, #$90
0098   0272                 
0099   0272 E8 00           mov a, #$00
0100   0274 C5 00 90        mov !$9000, a
0101   0277 E8 10           mov a, #$10
0102   0279 C5 01 90        mov !$9001, a
0103   027C E8 00           mov a, #$00 ;#$91
0104   027E C5 02 90        mov !$9002, a
0105   0281 E8 10           mov a, #$10    ; #$16
0106   0283 C5 03 90        mov !$9003, a
0107   0286                 
0108   0286                 
0109   0286 8F 05 F2        mov $F2, #$05 
0110   0289 8F 00 F3        mov $F3, #$00 
0111   028C 8F 07 F2        mov $F2, #$07 
0112   028F 8F 1F F3        mov $F3, #$1F ;#127   ; set GAIN, direct mode (bit7=0), full volume
0113   0292                 
0114   0292 8F 0C F2        mov $F2, #$0C 
0115   0295 8F 7F F3        mov $F3, #127   ; L/R vol 100% both voices 
0116   0298 8F 1C F2        mov $F2, #$1C
0117   029B 8F 7F F3        mov $F3, #127
0118   029E                 
0119   029E 8F 6C F2        mov $F2, #$6C   ; turn off mute
0120   02A1 8F 00 F3        mov $F3, #0
0121   02A4             	
0122   02A4 6F          	ret 
0123   02A5                 
0124   02A5                 
0125   02A5             ; ====== Write a byte to the S-SDSP =========
0126   02A5             wdsp:
0127   02A5 CC F2 00        mov !$00F2,y
0128   02A8 C5 F3 00        mov !$00F3,a
0129   02AB 6F              ret
0130   02AC                 
0131   02AC             
0132   02AC             .END
0133   02AC             EOFtasm: Number of errors = 0
